2006.03.11 00:53 B C:\Documents and Settings\mark\My Documents\Visual Studio 2005\Projects\markmcfadden.net\Web\PrayerWeb\DailyPrayerRequests.aspx --> ftp.markmcfadden.net /m2web/PrayerWeb DailyPrayerRequests.aspx
2006.03.11 00:53 B C:\Documents and Settings\mark\My Documents\Visual Studio 2005\Projects\markmcfadden.net\Web\PrayerWeb\DailyPrayerRequests.aspx.cs --> ftp.markmcfadden.net /m2web/PrayerWeb DailyPrayerRequests.aspx.cs
2006.03.11 00:53 B C:\Documents and Settings\mark\My Documents\Visual Studio 2005\Projects\markmcfadden.net\Web\PrayerWeb\DailyPrayerRequests.aspx.designer.cs --> ftp.markmcfadden.net /m2web/PrayerWeb DailyPrayerRequests.aspx.designer.cs
2006.03.11 00:53 B C:\Documents and Settings\mark\My Documents\Visual Studio 2005\Projects\markmcfadden.net\Web\PrayerWeb\default.aspx --> ftp.markmcfadden.net /m2web/PrayerWeb default.aspx
2006.03.11 00:53 B C:\Documents and Settings\mark\My Documents\Visual Studio 2005\Projects\markmcfadden.net\Web\PrayerWeb\default.aspx.cs --> ftp.markmcfadden.net /m2web/PrayerWeb default.aspx.cs
2006.03.11 00:53 B C:\Documents and Settings\mark\My Documents\Visual Studio 2005\Projects\markmcfadden.net\Web\PrayerWeb\default.aspx.designer.cs --> ftp.markmcfadden.net /m2web/PrayerWeb default.aspx.designer.cs
2006.03.11 00:53 B C:\Documents and Settings\mark\My Documents\Visual Studio 2005\Projects\markmcfadden.net\Web\PrayerWeb\JM2005MemoryVerses.pdf --> ftp.markmcfadden.net /m2web/PrayerWeb JM2005MemoryVerses.pdf
2006.03.11 00:53 B C:\Documents and Settings\mark\My Documents\Visual Studio 2005\Projects\markmcfadden.net\Web\PrayerWeb\NewRequests.xml --> ftp.markmcfadden.net /m2web/PrayerWeb NewRequests.xml
2006.03.11 00:53 B C:\Documents and Settings\mark\My Documents\Visual Studio 2005\Projects\markmcfadden.net\Web\PrayerWeb\PrayerJournal.aspx --> ftp.markmcfadden.net /m2web/PrayerWeb PrayerJournal.aspx
2006.03.11 00:53 B C:\Documents and Settings\mark\My Documents\Visual Studio 2005\Projects\markmcfadden.net\Web\PrayerWeb\PrayerJournal.aspx.cs --> ftp.markmcfadden.net /m2web/PrayerWeb PrayerJournal.aspx.cs
2006.03.11 00:53 B C:\Documents and Settings\mark\My Documents\Visual Studio 2005\Projects\markmcfadden.net\Web\PrayerWeb\PrayerJournal.aspx.designer.cs --> ftp.markmcfadden.net /m2web/PrayerWeb PrayerJournal.aspx.designer.cs
2006.03.11 00:53 B C:\Documents and Settings\mark\My Documents\Visual Studio 2005\Projects\markmcfadden.net\Web\PrayerWeb\PrayerJournal.xml --> ftp.markmcfadden.net /m2web/PrayerWeb PrayerJournal.xml
2006.03.11 00:53 B C:\Documents and Settings\mark\My Documents\Visual Studio 2005\Projects\markmcfadden.net\Web\PrayerWeb\PrayerStyles.css --> ftp.markmcfadden.net /m2web/PrayerWeb PrayerStyles.css
2006.03.11 00:53 B C:\Documents and Settings\mark\My Documents\Visual Studio 2005\Projects\markmcfadden.net\Web\PrayerWeb\Requests.aspx --> ftp.markmcfadden.net /m2web/PrayerWeb Requests.aspx
2006.03.11 00:53 B C:\Documents and Settings\mark\My Documents\Visual Studio 2005\Projects\markmcfadden.net\Web\PrayerWeb\Requests.aspx.cs --> ftp.markmcfadden.net /m2web/PrayerWeb Requests.aspx.cs
2006.03.11 00:53 B C:\Documents and Settings\mark\My Documents\Visual Studio 2005\Projects\markmcfadden.net\Web\PrayerWeb\Requests.aspx.designer.cs --> ftp.markmcfadden.net /m2web/PrayerWeb Requests.aspx.designer.cs
2006.03.11 01:27 B C:\Documents and Settings\mark\My Documents\Visual Studio 2005\WebSites\markmcfadden.net\PrayerWeb\PrayerJournal.xml --> ftp.markmcfadden.net /m2web/PrayerWeb PrayerJournal.xml
2009.10.21 19:18 B C:\Documents and Settings\mark\My Documents\Visual Studio 2005\WebSites\markmcfadden.net\PrayerWeb\DailyPrayerRequests.aspx --> www.markmcfadden.net /m2web/PrayerWeb DailyPrayerRequests.aspx
2011.01.18 19:54 B H:\Documents and Settings\mark\My Documents\Visual Studio 2005\Projects\markmcfadden.net\Deployment\PrayerWeb\BibleReadingStyles.css --> ftp.markmcfadden.net /m2web/PrayerWeb BibleReadingStyles.css
2011.01.18 19:54 B H:\Documents and Settings\mark\My Documents\Visual Studio 2005\Projects\markmcfadden.net\Deployment\PrayerWeb\DailyPrayerRequests.aspx --> ftp.markmcfadden.net /m2web/PrayerWeb DailyPrayerRequests.aspx
2011.01.18 19:54 B H:\Documents and Settings\mark\My Documents\Visual Studio 2005\Projects\markmcfadden.net\Deployment\PrayerWeb\default.aspx --> ftp.markmcfadden.net /m2web/PrayerWeb default.aspx
2011.01.18 19:54 B H:\Documents and Settings\mark\My Documents\Visual Studio 2005\Projects\markmcfadden.net\Deployment\PrayerWeb\JM2005MemoryVerses.pdf --> ftp.markmcfadden.net /m2web/PrayerWeb JM2005MemoryVerses.pdf
2011.01.18 19:54 B H:\Documents and Settings\mark\My Documents\Visual Studio 2005\Projects\markmcfadden.net\Deployment\PrayerWeb\NewRequests.xml --> ftp.markmcfadden.net /m2web/PrayerWeb NewRequests.xml
2011.01.18 19:54 B H:\Documents and Settings\mark\My Documents\Visual Studio 2005\Projects\markmcfadden.net\Deployment\PrayerWeb\OneNote Table Of Contents.onetoc2 --> ftp.markmcfadden.net /m2web/PrayerWeb OneNote Table Of Contents.onetoc2
2011.01.18 19:54 B H:\Documents and Settings\mark\My Documents\Visual Studio 2005\Projects\markmcfadden.net\Deployment\PrayerWeb\PrayerJournal.aspx --> ftp.markmcfadden.net /m2web/PrayerWeb PrayerJournal.aspx
2011.01.18 19:54 B H:\Documents and Settings\mark\My Documents\Visual Studio 2005\Projects\markmcfadden.net\Deployment\PrayerWeb\PrayerJournal.xml --> ftp.markmcfadden.net /m2web/PrayerWeb PrayerJournal.xml
2011.01.18 19:54 B H:\Documents and Settings\mark\My Documents\Visual Studio 2005\Projects\markmcfadden.net\Deployment\PrayerWeb\PrayerStyles.css --> ftp.markmcfadden.net /m2web/PrayerWeb PrayerStyles.css
2011.01.18 19:54 B H:\Documents and Settings\mark\My Documents\Visual Studio 2005\Projects\markmcfadden.net\Deployment\PrayerWeb\Requests.aspx --> ftp.markmcfadden.net /m2web/PrayerWeb Requests.aspx
2011.01.18 19:54 B H:\Documents and Settings\mark\My Documents\Visual Studio 2005\Projects\markmcfadden.net\Deployment\PrayerWeb\SurveyReading.html --> ftp.markmcfadden.net /m2web/PrayerWeb SurveyReading.html
